<?xml version="1.0" encoding="UTF-8"?>
<!-- Generated by org.testng.reporters.JUnitXMLReporter -->
<testsuite ignored="0" hostname="DESKTOP-79FQPHF" failures="0" tests="3" name="Test" time="25.775" errors="0" timestamp="2025-01-28T10:11:59 IST">
  <testcase classname="ui_elements.Testbuttons" name="buttonDisabled" time="3.086"/>
  <testcase classname="ui_elements.Testbuttons" name="lookslike_a_Button" time="2.7"/>
  <testcase classname="ui_elements.Testbuttons" name="simpleButtons" time="2.196"/>
</testsuite> <!-- Test -->
