<?xml version="1.0" encoding="UTF-8"?>
<!-- Generated by org.testng.reporters.JUnitXMLReporter -->
<testsuite ignored="0" hostname="DESKTOP-79FQPHF" failures="0" tests="3" name="Default test" time="32.328" errors="0" timestamp="2025-01-28T10:09:59 IST">
  <testcase classname="ui_elements.Testbuttons" name="buttonDisabled" time="7.251"/>
  <testcase classname="ui_elements.Testbuttons" name="lookslike_a_Button" time="4.151"/>
  <testcase classname="ui_elements.Testbuttons" name="simpleButtons" time="2.562"/>
</testsuite> <!-- Default test -->
